{"/Users/mathieu/dev/perso/doctoflex-monitor/src/services/SlotScraper.ts": {"path":"/Users/mathieu/dev/perso/doctoflex-monitor/src/services/SlotScraper.ts","statementMap":{"0":{"start":{"line":2,"column":0},"end":{"line":2,"column":34}},"1":{"start":{"line":5,"column":0},"end":{"line":5,"column":47}},"2":{"start":{"line":8,"column":36},"end":{"line":8,"column":40}},"3":{"start":{"line":9,"column":30},"end":{"line":9,"column":34}},"4":{"start":{"line":11,"column":32},"end":{"line":11,"column":33}},"5":{"start":{"line":12,"column":32},"end":{"line":12,"column":36}},"6":{"start":{"line":15,"column":21},"end":{"line":15,"column":38}},"7":{"start":{"line":16,"column":21},"end":{"line":16,"column":41}},"8":{"start":{"line":18,"column":4},"end":{"line":18,"column":46}},"9":{"start":{"line":22,"column":4},"end":{"line":32,"column":5}},"10":{"start":{"line":23,"column":6},"end":{"line":25,"column":9}},"11":{"start":{"line":26,"column":6},"end":{"line":26,"column":47}},"12":{"start":{"line":27,"column":6},"end":{"line":27,"column":64}},"13":{"start":{"line":28,"column":6},"end":{"line":28,"column":47}},"14":{"start":{"line":30,"column":6},"end":{"line":30,"column":67}},"15":{"start":{"line":31,"column":6},"end":{"line":31,"column":55}},"16":{"start":{"line":37,"column":4},"end":{"line":45,"column":5}},"17":{"start":{"line":37,"column":17},"end":{"line":37,"column":18}},"18":{"start":{"line":38,"column":6},"end":{"line":44,"column":7}},"19":{"start":{"line":39,"column":8},"end":{"line":39,"column":26}},"20":{"start":{"line":41,"column":8},"end":{"line":41,"column":35}},"21":{"start":{"line":42,"column":8},"end":{"line":42,"column":76}},"22":{"start":{"line":43,"column":8},"end":{"line":43,"column":75}},"23":{"start":{"line":43,"column":37},"end":{"line":43,"column":73}},"24":{"start":{"line":46,"column":4},"end":{"line":46,"column":21}},"25":{"start":{"line":50,"column":4},"end":{"line":52,"column":5}},"26":{"start":{"line":51,"column":6},"end":{"line":51,"column":49}},"27":{"start":{"line":54,"column":17},"end":{"line":54,"column":26}},"28":{"start":{"line":55,"column":4},"end":{"line":74,"column":7}},"29":{"start":{"line":56,"column":6},"end":{"line":73,"column":7}},"30":{"start":{"line":58,"column":8},"end":{"line":58,"column":57}},"31":{"start":{"line":61,"column":8},"end":{"line":61,"column":61}},"32":{"start":{"line":64,"column":8},"end":{"line":69,"column":10}},"33":{"start":{"line":66,"column":27},"end":{"line":66,"column":63}},"34":{"start":{"line":67,"column":12},"end":{"line":67,"column":63}},"35":{"start":{"line":71,"column":8},"end":{"line":71,"column":80}},"36":{"start":{"line":72,"column":8},"end":{"line":72,"column":20}},"37":{"start":{"line":78,"column":4},"end":{"line":80,"column":5}},"38":{"start":{"line":79,"column":6},"end":{"line":79,"column":49}},"39":{"start":{"line":82,"column":4},"end":{"line":96,"column":5}},"40":{"start":{"line":84,"column":6},"end":{"line":87,"column":7}},"41":{"start":{"line":85,"column":8},"end":{"line":85,"column":76}},"42":{"start":{"line":86,"column":8},"end":{"line":86,"column":46}},"43":{"start":{"line":90,"column":6},"end":{"line":90,"column":74}},"44":{"start":{"line":91,"column":6},"end":{"line":91,"column":42}},"45":{"start":{"line":92,"column":6},"end":{"line":92,"column":46}},"46":{"start":{"line":94,"column":6},"end":{"line":94,"column":62}},"47":{"start":{"line":95,"column":6},"end":{"line":95,"column":48}},"48":{"start":{"line":100,"column":4},"end":{"line":102,"column":5}},"49":{"start":{"line":101,"column":6},"end":{"line":101,"column":49}},"50":{"start":{"line":104,"column":4},"end":{"line":128,"column":5}},"51":{"start":{"line":105,"column":20},"end":{"line":119,"column":8}},"52":{"start":{"line":106,"column":29},"end":{"line":106,"column":63}},"53":{"start":{"line":107,"column":8},"end":{"line":118,"column":11}},"54":{"start":{"line":108,"column":25},"end":{"line":108,"column":55}},"55":{"start":{"line":109,"column":25},"end":{"line":109,"column":55}},"56":{"start":{"line":110,"column":30},"end":{"line":110,"column":68}},"57":{"start":{"line":112,"column":10},"end":{"line":117,"column":12}},"58":{"start":{"line":121,"column":6},"end":{"line":124,"column":8}},"59":{"start":{"line":123,"column":10},"end":{"line":123,"column":72}},"60":{"start":{"line":126,"column":6},"end":{"line":126,"column":75}},"61":{"start":{"line":127,"column":6},"end":{"line":127,"column":18}},"62":{"start":{"line":132,"column":4},"end":{"line":134,"column":5}},"63":{"start":{"line":133,"column":6},"end":{"line":133,"column":49}},"64":{"start":{"line":136,"column":4},"end":{"line":162,"column":5}},"65":{"start":{"line":137,"column":6},"end":{"line":158,"column":9}},"66":{"start":{"line":138,"column":30},"end":{"line":138,"column":32}},"67":{"start":{"line":139,"column":28},"end":{"line":139,"column":72}},"68":{"start":{"line":141,"column":8},"end":{"line":155,"column":11}},"69":{"start":{"line":142,"column":26},"end":{"line":142,"column":59}},"70":{"start":{"line":143,"column":26},"end":{"line":143,"column":59}},"71":{"start":{"line":144,"column":22},"end":{"line":144,"column":54}},"72":{"start":{"line":145,"column":30},"end":{"line":145,"column":68}},"73":{"start":{"line":147,"column":10},"end":{"line":154,"column":11}},"74":{"start":{"line":148,"column":12},"end":{"line":153,"column":15}},"75":{"start":{"line":157,"column":8},"end":{"line":157,"column":21}},"76":{"start":{"line":160,"column":6},"end":{"line":160,"column":77}},"77":{"start":{"line":161,"column":6},"end":{"line":161,"column":18}},"78":{"start":{"line":166,"column":4},"end":{"line":170,"column":5}},"79":{"start":{"line":167,"column":6},"end":{"line":167,"column":33}},"80":{"start":{"line":168,"column":6},"end":{"line":168,"column":26}},"81":{"start":{"line":169,"column":6},"end":{"line":169,"column":23}},"82":{"start":{"line":7,"column":0},"end":{"line":7,"column":13}}},"fnMap":{"0":{"name":"(anonymous_1)","decl":{"start":{"line":14,"column":2},"end":{"line":14,"column":null}},"loc":{"start":{"line":16,"column":45},"end":{"line":19,"column":3}}},"1":{"name":"(anonymous_2)","decl":{"start":{"line":21,"column":2},"end":{"line":21,"column":7}},"loc":{"start":{"line":21,"column":18},"end":{"line":33,"column":3}}},"2":{"name":"(anonymous_3)","decl":{"start":{"line":35,"column":10},"end":{"line":35,"column":15}},"loc":{"start":{"line":35,"column":45},"end":{"line":47,"column":3}}},"3":{"name":"(anonymous_4)","decl":{"start":{"line":43,"column":26},"end":{"line":43,"column":33}},"loc":{"start":{"line":43,"column":37},"end":{"line":43,"column":73}}},"4":{"name":"(anonymous_5)","decl":{"start":{"line":49,"column":10},"end":{"line":49,"column":15}},"loc":{"start":{"line":49,"column":38},"end":{"line":75,"column":3}}},"5":{"name":"(anonymous_6)","decl":{"start":{"line":55,"column":21},"end":{"line":55,"column":26}},"loc":{"start":{"line":55,"column":32},"end":{"line":74,"column":5}}},"6":{"name":"(anonymous_7)","decl":{"start":{"line":65,"column":10},"end":{"line":65,"column":13}},"loc":{"start":{"line":65,"column":15},"end":{"line":68,"column":11}}},"7":{"name":"(anonymous_8)","decl":{"start":{"line":77,"column":2},"end":{"line":77,"column":7}},"loc":{"start":{"line":77,"column":20},"end":{"line":97,"column":3}}},"8":{"name":"(anonymous_9)","decl":{"start":{"line":99,"column":10},"end":{"line":99,"column":15}},"loc":{"start":{"line":99,"column":39},"end":{"line":129,"column":3}}},"9":{"name":"(anonymous_10)","decl":{"start":{"line":105,"column":45},"end":{"line":105,"column":48}},"loc":{"start":{"line":105,"column":50},"end":{"line":119,"column":7}}},"10":{"name":"(anonymous_11)","decl":{"start":{"line":107,"column":44},"end":{"line":107,"column":45}},"loc":{"start":{"line":107,"column":56},"end":{"line":118,"column":9}}},"11":{"name":"(anonymous_12)","decl":{"start":{"line":122,"column":8},"end":{"line":122,"column":9}},"loc":{"start":{"line":123,"column":10},"end":{"line":123,"column":72}}},"12":{"name":"(anonymous_13)","decl":{"start":{"line":131,"column":10},"end":{"line":131,"column":15}},"loc":{"start":{"line":131,"column":41},"end":{"line":163,"column":3}}},"13":{"name":"(anonymous_14)","decl":{"start":{"line":137,"column":38},"end":{"line":137,"column":41}},"loc":{"start":{"line":137,"column":43},"end":{"line":158,"column":7}}},"14":{"name":"(anonymous_15)","decl":{"start":{"line":141,"column":28},"end":{"line":141,"column":29}},"loc":{"start":{"line":141,"column":40},"end":{"line":155,"column":9}}},"15":{"name":"(anonymous_16)","decl":{"start":{"line":165,"column":2},"end":{"line":165,"column":7}},"loc":{"start":{"line":165,"column":13},"end":{"line":171,"column":3}}}},"branchMap":{"0":{"loc":{"start":{"line":16,"column":21},"end":{"line":16,"column":45}},"type":"default-arg","locations":[{"start":{"line":16,"column":41},"end":{"line":16,"column":45}}]},"1":{"loc":{"start":{"line":50,"column":4},"end":{"line":52,"column":5}},"type":"if","locations":[{"start":{"line":50,"column":4},"end":{"line":52,"column":5}}]},"2":{"loc":{"start":{"line":67,"column":19},"end":{"line":67,"column":62}},"type":"cond-expr","locations":[{"start":{"line":67,"column":28},"end":{"line":67,"column":54}},{"start":{"line":67,"column":57},"end":{"line":67,"column":62}}]},"3":{"loc":{"start":{"line":78,"column":4},"end":{"line":80,"column":5}},"type":"if","locations":[{"start":{"line":78,"column":4},"end":{"line":80,"column":5}}]},"4":{"loc":{"start":{"line":84,"column":6},"end":{"line":87,"column":7}},"type":"if","locations":[{"start":{"line":84,"column":6},"end":{"line":87,"column":7}}]},"5":{"loc":{"start":{"line":100,"column":4},"end":{"line":102,"column":5}},"type":"if","locations":[{"start":{"line":100,"column":4},"end":{"line":102,"column":5}}]},"6":{"loc":{"start":{"line":113,"column":18},"end":{"line":113,"column":51}},"type":"binary-expr","locations":[{"start":{"line":113,"column":18},"end":{"line":113,"column":45}},{"start":{"line":113,"column":49},"end":{"line":113,"column":51}}]},"7":{"loc":{"start":{"line":114,"column":18},"end":{"line":114,"column":51}},"type":"binary-expr","locations":[{"start":{"line":114,"column":18},"end":{"line":114,"column":45}},{"start":{"line":114,"column":49},"end":{"line":114,"column":51}}]},"8":{"loc":{"start":{"line":115,"column":24},"end":{"line":115,"column":63}},"type":"binary-expr","locations":[{"start":{"line":115,"column":24},"end":{"line":115,"column":57}},{"start":{"line":115,"column":61},"end":{"line":115,"column":63}}]},"9":{"loc":{"start":{"line":123,"column":10},"end":{"line":123,"column":72}},"type":"binary-expr","locations":[{"start":{"line":123,"column":10},"end":{"line":123,"column":26}},{"start":{"line":123,"column":30},"end":{"line":123,"column":46}},{"start":{"line":123,"column":50},"end":{"line":123,"column":72}}]},"10":{"loc":{"start":{"line":132,"column":4},"end":{"line":134,"column":5}},"type":"if","locations":[{"start":{"line":132,"column":4},"end":{"line":134,"column":5}}]},"11":{"loc":{"start":{"line":147,"column":10},"end":{"line":154,"column":11}},"type":"if","locations":[{"start":{"line":147,"column":10},"end":{"line":154,"column":11}}]},"12":{"loc":{"start":{"line":147,"column":14},"end":{"line":147,"column":39}},"type":"binary-expr","locations":[{"start":{"line":147,"column":14},"end":{"line":147,"column":21}},{"start":{"line":147,"column":25},"end":{"line":147,"column":32}},{"start":{"line":147,"column":36},"end":{"line":147,"column":39}}]},"13":{"loc":{"start":{"line":166,"column":4},"end":{"line":170,"column":5}},"type":"if","locations":[{"start":{"line":166,"column":4},"end":{"line":170,"column":5}}]}},"s":{"0":1,"1":1,"2":2,"3":2,"4":2,"5":2,"6":2,"7":2,"8":2,"9":1,"10":1,"11":1,"12":1,"13":1,"14":0,"15":0,"16":0,"17":0,"18":0,"19":0,"20":0,"21":0,"22":0,"23":0,"24":0,"25":0,"26":0,"27":0,"28":0,"29":0,"30":0,"31":0,"32":0,"33":0,"34":0,"35":0,"36":0,"37":2,"38":1,"39":1,"40":1,"41":1,"42":1,"43":0,"44":0,"45":0,"46":0,"47":0,"48":1,"49":0,"50":1,"51":1,"52":0,"53":0,"54":0,"55":0,"56":0,"57":0,"58":0,"59":0,"60":1,"61":1,"62":0,"63":0,"64":0,"65":0,"66":0,"67":0,"68":0,"69":0,"70":0,"71":0,"72":0,"73":0,"74":0,"75":0,"76":0,"77":0,"78":2,"79":1,"80":1,"81":1,"82":1},"f":{"0":2,"1":1,"2":0,"3":0,"4":0,"5":0,"6":0,"7":2,"8":1,"9":0,"10":0,"11":0,"12":0,"13":0,"14":0,"15":2},"b":{"0":[0],"1":[0],"2":[0,0],"3":[1],"4":[1],"5":[0],"6":[0,0],"7":[0,0],"8":[0,0],"9":[0,0,0],"10":[0],"11":[0],"12":[0,0,0],"13":[1]}}
,"/Users/mathieu/dev/perso/doctoflex-monitor/src/utils/logger.ts": {"path":"/Users/mathieu/dev/perso/doctoflex-monitor/src/utils/logger.ts","statementMap":{"0":{"start":{"line":4,"column":0},"end":{"line":4,"column":16}},"1":{"start":{"line":1,"column":0},"end":{"line":1,"column":30}},"2":{"start":{"line":2,"column":0},"end":{"line":2,"column":35}},"3":{"start":{"line":5,"column":2},"end":{"line":27,"column":5}}},"fnMap":{"0":{"name":"createLogger","decl":{"start":{"line":4,"column":16},"end":{"line":4,"column":28}},"loc":{"start":{"line":4,"column":44},"end":{"line":28,"column":1}}}},"branchMap":{"0":{"loc":{"start":{"line":6,"column":11},"end":{"line":6,"column":42}},"type":"binary-expr","locations":[{"start":{"line":6,"column":11},"end":{"line":6,"column":32}},{"start":{"line":6,"column":36},"end":{"line":6,"column":42}}]}},"s":{"0":1,"1":1,"2":1,"3":2},"f":{"0":2},"b":{"0":[2,2]}}
}
