TN:
SF:src/server.ts
FN:23,(anonymous_1)
FN:31,initializeServices
FN:49,(anonymous_3)
FNF:3
FNH:0
FNDA:0,(anonymous_1)
FNDA:0,initializeServices
FNDA:0,(anonymous_3)
DA:1,0
DA:2,0
DA:3,0
DA:4,0
DA:5,0
DA:6,0
DA:7,0
DA:8,0
DA:9,0
DA:11,0
DA:12,0
DA:15,0
DA:16,0
DA:17,0
DA:20,0
DA:23,0
DA:24,0
DA:28,0
DA:32,0
DA:34,0
DA:37,0
DA:38,0
DA:40,0
DA:42,0
DA:43,0
DA:48,0
DA:49,0
DA:50,0
DA:52,0
LF:29
LH:0
BRDA:48,0,0,0
BRDA:48,0,1,0
BRF:2
BRH:0
end_of_record
TN:
SF:src/config/environment.ts
FN:12,(anonymous_1)
FN:14,(anonymous_2)
FNF:2
FNH:2
FNDA:1,(anonymous_1)
FNDA:1,(anonymous_2)
DA:1,1
DA:2,1
DA:3,1
DA:6,1
DA:9,1
DA:12,1
DA:14,1
DA:25,1
DA:28,1
LF:9
LH:9
BRF:0
BRH:0
end_of_record
TN:
SF:src/routes/config.ts
FN:10,(anonymous_0)
FN:21,(anonymous_1)
FNF:2
FNH:0
FNDA:0,(anonymous_0)
FNDA:0,(anonymous_1)
DA:1,0
DA:2,0
DA:3,0
DA:4,0
DA:6,0
DA:7,0
DA:10,0
DA:11,0
DA:12,0
DA:13,0
DA:15,0
DA:16,0
DA:21,0
DA:22,0
DA:23,0
DA:24,0
DA:25,0
DA:28,0
DA:29,0
DA:31,0
DA:32,0
DA:36,0
LF:22
LH:0
BRDA:24,0,0,0
BRDA:24,1,0,0
BRDA:24,1,1,0
BRF:3
BRH:0
end_of_record
TN:
SF:src/services/ConfigurationService.ts
FN:24,(anonymous_1)
FN:29,(anonymous_2)
FN:36,(anonymous_3)
FN:40,(anonymous_4)
FN:48,(anonymous_5)
FN:56,(anonymous_6)
FN:60,(anonymous_7)
FN:73,(anonymous_8)
FNF:8
FNH:8
FNDA:1,(anonymous_1)
FNDA:9,(anonymous_2)
FNDA:5,(anonymous_3)
FNDA:2,(anonymous_4)
FNDA:2,(anonymous_5)
FNDA:4,(anonymous_6)
FNDA:24,(anonymous_7)
FNDA:1,(anonymous_8)
DA:1,2
DA:2,2
DA:3,2
DA:4,2
DA:19,2
DA:25,1
DA:26,1
DA:30,9
DA:31,1
DA:33,9
DA:37,5
DA:41,2
DA:45,2
DA:49,2
DA:53,2
DA:57,4
DA:58,4
DA:61,24
DA:62,0
DA:64,24
DA:67,3
DA:69,1
DA:74,1
DA:75,1
DA:76,0
DA:77,0
DA:84,0
DA:85,0
DA:88,0
DA:92,1
DA:100,1
LF:31
LH:25
BRDA:30,0,0,1
BRDA:61,1,0,0
BRDA:75,2,0,0
BRDA:80,3,0,0
BRDA:80,3,1,0
BRDA:81,4,0,0
BRDA:81,4,1,0
BRF:7
BRH:1
end_of_record
TN:
SF:src/services/MonitoringService.ts
FN:23,(anonymous_0)
FN:27,(anonymous_1)
FN:33,(anonymous_2)
FN:43,(anonymous_3)
FN:47,(anonymous_4)
FN:54,(anonymous_5)
FN:57,(anonymous_6)
FN:68,(anonymous_7)
FN:76,(anonymous_8)
FN:83,(anonymous_9)
FN:106,(anonymous_10)
FN:113,(anonymous_11)
FN:122,(anonymous_12)
FN:136,(anonymous_13)
FN:148,(anonymous_14)
FN:161,(anonymous_15)
FN:172,(anonymous_16)
FNF:17
FNH:11
FNDA:3,(anonymous_0)
FNDA:3,(anonymous_1)
FNDA:5,(anonymous_2)
FNDA:10,(anonymous_3)
FNDA:6,(anonymous_4)
FNDA:4,(anonymous_5)
FNDA:0,(anonymous_6)
FNDA:2,(anonymous_7)
FNDA:2,(anonymous_8)
FNDA:2,(anonymous_9)
FNDA:0,(anonymous_10)
FNDA:1,(anonymous_11)
FNDA:1,(anonymous_12)
FNDA:0,(anonymous_13)
FNDA:0,(anonymous_14)
FNDA:0,(anonymous_15)
FNDA:0,(anonymous_16)
DA:2,1
DA:3,1
DA:4,1
DA:5,1
DA:6,1
DA:7,1
DA:8,1
DA:11,1
DA:12,5
DA:13,5
DA:24,3
DA:28,3
DA:31,1
DA:34,5
DA:35,5
DA:36,5
DA:37,5
DA:38,5
DA:39,5
DA:44,10
DA:48,6
DA:49,5
DA:51,6
DA:55,4
DA:56,4
DA:57,4
DA:58,0
DA:61,4
DA:63,0
DA:64,0
DA:70,2
DA:72,2
DA:73,0
DA:77,2
DA:78,0
DA:79,0
DA:81,2
DA:83,2
DA:84,2
DA:86,2
DA:88,2
DA:89,0
DA:92,0
DA:95,0
DA:96,0
DA:100,2
DA:105,2
DA:106,2
DA:107,2
DA:108,2
DA:110,2
DA:114,1
DA:115,1
DA:118,1
DA:119,1
DA:123,1
DA:124,1
DA:127,1
DA:132,1
DA:133,1
DA:136,1
DA:137,0
DA:138,0
DA:139,0
DA:140,0
DA:141,0
DA:143,0
DA:148,1
DA:149,0
DA:150,0
DA:151,0
DA:152,0
DA:153,0
DA:155,0
DA:156,0
DA:161,1
DA:162,0
DA:163,0
DA:164,0
DA:165,0
DA:166,0
DA:168,0
DA:172,1
DA:173,0
DA:174,0
DA:175,0
DA:176,0
DA:177,0
DA:179,0
DA:180,0
LF:90
LH:54
BRDA:48,0,0,5
BRDA:77,1,0,0
BRDA:95,2,0,0
BRDA:137,3,0,0
BRDA:149,4,0,0
BRF:5
BRH:1
end_of_record
TN:
SF:src/services/SlotFilter.ts
FN:9,(anonymous_0)
FN:13,(anonymous_1)
FN:22,(anonymous_2)
FN:33,(anonymous_3)
FN:34,(anonymous_4)
FN:34,(anonymous_5)
FN:35,(anonymous_6)
FN:35,(anonymous_7)
FN:43,(anonymous_8)
FNF:9
FNH:9
FNDA:13,(anonymous_0)
FNDA:4,(anonymous_1)
FNDA:5,(anonymous_2)
FNDA:4,(anonymous_3)
FNDA:4,(anonymous_4)
FNDA:4,(anonymous_5)
FNDA:4,(anonymous_6)
FNDA:4,(anonymous_7)
FNDA:8,(anonymous_8)
DA:4,2
DA:6,2
DA:10,13
DA:14,4
DA:15,4
DA:16,4
DA:18,4
DA:19,1
DA:22,3
DA:23,5
DA:24,5
DA:25,5
DA:28,1
DA:29,1
DA:34,4
DA:35,4
DA:36,4
DA:37,1
DA:39,3
DA:44,8
LF:20
LH:20
BRDA:18,0,0,1
BRDA:25,1,0,5
BRDA:25,1,1,3
BRDA:36,2,0,1
BRDA:36,2,1,3
BRF:5
BRH:5
end_of_record
TN:
SF:src/services/SlotNotifier.ts
FN:10,(anonymous_0)
FN:17,(anonymous_1)
FN:27,(anonymous_2)
FN:30,(anonymous_3)
FN:35,(anonymous_4)
FN:40,(anonymous_5)
FN:44,(anonymous_6)
FN:50,(anonymous_7)
FN:54,(anonymous_8)
FNF:9
FNH:9
FNDA:9,(anonymous_0)
FNDA:8,(anonymous_1)
FNDA:1,(anonymous_2)
FNDA:1,(anonymous_3)
FNDA:1,(anonymous_4)
FNDA:1,(anonymous_5)
FNDA:1,(anonymous_6)
FNDA:1,(anonymous_7)
FNDA:4,(anonymous_8)
DA:2,2
DA:4,2
DA:7,2
DA:11,9
DA:12,9
DA:13,1
DA:18,8
DA:19,8
DA:21,0
DA:22,0
DA:28,1
DA:31,1
DA:36,1
DA:41,1
DA:45,1
DA:51,1
DA:55,4
DA:56,4
DA:57,4
DA:59,0
DA:60,0
LF:21
LH:17
BRDA:12,0,0,1
BRF:1
BRH:1
end_of_record
TN:
SF:src/services/SlotScraper.ts
FN:12,(anonymous_1)
FN:17,(anonymous_2)
FN:21,(anonymous_3)
FN:45,(anonymous_4)
FN:62,(anonymous_5)
FN:90,(anonymous_6)
FN:101,(anonymous_7)
FN:107,(anonymous_8)
FN:124,(anonymous_9)
FN:136,(anonymous_10)
FNF:10
FNH:6
FNDA:27,(anonymous_1)
FNDA:2,(anonymous_2)
FNDA:54,(anonymous_3)
FNDA:17,(anonymous_4)
FNDA:19,(anonymous_5)
FNDA:0,(anonymous_6)
FNDA:6,(anonymous_7)
FNDA:0,(anonymous_8)
FNDA:0,(anonymous_9)
FNDA:0,(anonymous_10)
DA:1,2
DA:3,2
DA:4,2
DA:6,2
DA:7,27
DA:8,27
DA:9,27
DA:13,27
DA:14,27
DA:18,2
DA:22,54
DA:23,54
DA:37,53
DA:39,1
DA:40,1
DA:41,1
DA:46,17
DA:47,17
DA:48,16
DA:50,16
DA:51,16
DA:54,2
DA:55,2
DA:57,17
DA:58,17
DA:63,19
DA:64,1
DA:67,18
DA:68,1
DA:71,17
DA:72,17
DA:74,17
DA:75,17
DA:76,17
DA:77,15
DA:79,15
DA:80,15
DA:81,15
DA:82,9
DA:84,6
DA:85,6
DA:86,6
DA:89,9
DA:90,9
DA:91,0
DA:92,0
DA:93,0
DA:94,0
DA:97,6
DA:99,6
DA:100,6
DA:101,6
DA:102,6
DA:104,6
DA:105,6
DA:107,2
DA:108,0
DA:109,0
DA:110,0
DA:113,2
DA:114,1
DA:115,1
DA:118,1
DA:119,1
DA:122,4
DA:124,4
DA:125,0
DA:133,0
DA:134,0
DA:136,0
DA:137,0
DA:138,0
DA:139,0
DA:140,0
DA:141,0
DA:142,0
DA:144,0
DA:145,0
DA:146,0
DA:147,0
DA:148,0
DA:150,0
DA:151,0
DA:152,0
DA:163,0
DA:166,4
DA:167,4
DA:168,4
DA:171,4
DA:174,12
DA:175,12
DA:176,12
DA:178,17
LF:93
LH:67
BRDA:18,0,0,2
BRDA:18,0,1,1
BRDA:41,1,0,1
BRDA:41,1,1,0
BRDA:47,2,0,16
BRDA:50,3,0,16
BRDA:55,4,0,2
BRDA:55,4,1,0
BRDA:63,5,0,1
BRDA:67,6,0,1
BRDA:67,7,0,18
BRDA:67,7,1,17
BRDA:92,8,0,0
BRDA:109,9,0,0
BRDA:110,10,0,0
BRDA:110,10,1,0
BRDA:113,11,0,1
BRDA:138,12,0,0
BRDA:140,13,0,0
BRDA:140,14,0,0
BRDA:140,14,1,0
BRDA:140,14,2,0
BRDA:145,15,0,0
BRDA:145,16,0,0
BRDA:145,16,1,0
BRDA:145,16,2,0
BRDA:151,17,0,0
BRDA:167,18,0,4
BRDA:176,19,0,12
BRDA:176,19,1,0
BRF:30
BRH:13
end_of_record
TN:
SF:src/services/SlotStorageService.ts
FN:8,(anonymous_1)
FN:12,(anonymous_2)
FN:33,(anonymous_3)
FN:43,(anonymous_4)
FNF:4
FNH:3
FNDA:10,(anonymous_1)
FNDA:4,(anonymous_2)
FNDA:0,(anonymous_3)
FNDA:6,(anonymous_4)
DA:1,2
DA:2,2
DA:5,2
DA:9,10
DA:13,4
DA:17,4
DA:19,4
DA:22,1
DA:27,1
DA:29,3
DA:34,0
DA:35,0
DA:36,0
DA:37,0
DA:39,0
DA:44,6
DA:45,6
DA:46,4
DA:47,4
DA:49,2
DA:51,1
DA:53,1
DA:54,0
DA:56,1
LF:24
LH:18
BRDA:37,0,0,0
BRDA:37,0,1,0
BRDA:49,1,0,1
BRDA:53,2,0,0
BRF:4
BRH:1
end_of_record
TN:
SF:src/services/SocketService.ts
FN:8,(anonymous_0)
FN:10,(anonymous_1)
FN:17,(anonymous_2)
FN:37,(anonymous_3)
FNF:4
FNH:4
FNDA:7,(anonymous_0)
FNDA:9,(anonymous_1)
FNDA:6,(anonymous_2)
FNDA:2,(anonymous_3)
DA:1,3
DA:2,3
DA:4,3
DA:6,7
DA:11,9
DA:12,7
DA:14,9
DA:18,6
DA:19,1
DA:22,5
DA:23,5
DA:30,4
DA:32,1
DA:33,1
DA:38,2
DA:39,1
DA:41,1
LF:17
LH:17
BRDA:11,0,0,7
BRDA:18,1,0,1
BRDA:25,2,0,5
BRDA:25,2,1,4
BRDA:38,3,0,1
BRF:5
BRH:5
end_of_record
TN:
SF:src/utils/errorHandler.ts
FN:6,(anonymous_0)
FN:18,(anonymous_1)
FN:24,(anonymous_2)
FN:30,(anonymous_3)
FNF:4
FNH:4
FNDA:3,(anonymous_0)
FNDA:1,(anonymous_1)
FNDA:1,(anonymous_2)
FNDA:4,(anonymous_3)
DA:2,1
DA:5,1
DA:7,3
DA:8,3
DA:9,3
DA:11,3
DA:12,3
DA:13,3
DA:17,1
DA:19,1
DA:23,1
DA:25,1
DA:30,1
DA:37,4
DA:57,4
DA:58,3
DA:67,1
LF:17
LH:17
BRDA:8,0,0,0
BRDA:9,1,0,0
BRDA:42,2,0,4
BRDA:42,2,1,3
BRDA:57,3,0,3
BRF:5
BRH:3
end_of_record
TN:
SF:src/utils/logger.ts
FN:4,createLogger
FNF:1
FNH:1
FNDA:25,createLogger
DA:1,12
DA:2,12
DA:4,12
DA:5,25
DA:30,12
LF:5
LH:5
BRDA:6,0,0,25
BRDA:6,0,1,0
BRF:2
BRH:1
end_of_record
